c:\users\mitlab\desktop\infinitam\build\itmlib\itmlib.dir\debug\itmlib.pdb
c:\users\mitlab\desktop\infinitam\build\itmlib\itmlib.dir\debug\itmlibsettings.obj
c:\users\mitlab\desktop\infinitam\build\itmlib\itmlib.dir\debug\itmimutracker.obj
c:\users\mitlab\desktop\infinitam\build\itmlib\itmlib.dir\debug\itmforcefailtracker.obj
c:\users\mitlab\desktop\infinitam\build\itmlib\itmlib.dir\debug\itmfilebasedtracker.obj
c:\users\mitlab\desktop\infinitam\build\itmlib\itmlib.dir\debug\itmextendedtracker.obj
c:\users\mitlab\desktop\infinitam\build\itmlib\itmlib.dir\debug\itmdepthtracker.obj
c:\users\mitlab\desktop\infinitam\build\itmlib\itmlib.dir\debug\itmcolortracker.obj
c:\users\mitlab\desktop\infinitam\build\itmlib\itmlib.dir\debug\itmextendedtracker_cpu.obj
c:\users\mitlab\desktop\infinitam\build\itmlib\itmlib.dir\debug\itmdepthtracker_cpu.obj
c:\users\mitlab\desktop\infinitam\build\itmlib\itmlib.dir\debug\itmcolortracker_cpu.obj
c:\users\mitlab\desktop\infinitam\build\itmlib\itmlib.dir\debug\itmsurfelrenderstate.obj
c:\users\mitlab\desktop\infinitam\build\itmlib\itmlib.dir\debug\itmcalibio.obj
c:\users\mitlab\desktop\infinitam\build\itmlib\itmlib.dir\debug\itmvisualisationengine.obj
c:\users\mitlab\desktop\infinitam\build\itmlib\itmlib.dir\debug\itmviewbuilder_cpu.obj
c:\users\mitlab\desktop\infinitam\build\itmlib\itmlib.dir\debug\itmviewbuilderfactory.obj
c:\users\mitlab\desktop\infinitam\build\itmlib\itmlib.dir\debug\itmglobaladjustmentengine.obj
c:\users\mitlab\desktop\infinitam\build\itmlib\itmlib.dir\debug\itmactivemapmanager.obj
c:\users\mitlab\desktop\infinitam\build\itmlib\itmlib.dir\debug\itmlowlevelengine_cpu.obj
c:\users\mitlab\desktop\infinitam\build\itmlib\itmlib.dir\debug\itmlowlevelenginefactory.obj
c:\users\mitlab\desktop\infinitam\build\itmlib\itmlib.dir\debug\cpuinstantiations.obj
c:\users\mitlab\desktop\infinitam\build\itmlib\cmakefiles\itmlib.dir\debug\itmlib_generated_cudainstantiations.cu.obj
c:\users\mitlab\desktop\infinitam\build\itmlib\cmakefiles\itmlib.dir\engines\lowlevel\cuda\debug\itmlib_generated_itmlowlevelengine_cuda.cu.obj
c:\users\mitlab\desktop\infinitam\build\itmlib\cmakefiles\itmlib.dir\engines\viewbuilding\cuda\debug\itmlib_generated_itmviewbuilder_cuda.cu.obj
c:\users\mitlab\desktop\infinitam\build\itmlib\cmakefiles\itmlib.dir\engines\visualisation\cuda\debug\itmlib_generated_itmvisualisationhelpers_cuda.cu.obj
c:\users\mitlab\desktop\infinitam\build\itmlib\cmakefiles\itmlib.dir\trackers\cuda\debug\itmlib_generated_itmcolortracker_cuda.cu.obj
c:\users\mitlab\desktop\infinitam\build\itmlib\cmakefiles\itmlib.dir\trackers\cuda\debug\itmlib_generated_itmdepthtracker_cuda.cu.obj
c:\users\mitlab\desktop\infinitam\build\itmlib\cmakefiles\itmlib.dir\trackers\cuda\debug\itmlib_generated_itmextendedtracker_cuda.cu.obj
c:\users\mitlab\desktop\infinitam\build\itmlib\debug\itmlib.lib
c:\users\mitlab\desktop\infinitam\build\itmlib\debug\itmlib.pdb
c:\users\mitlab\desktop\infinitam\build\itmlib\itmlib.dir\debug\itmlib.tlog\cl.command.1.tlog
c:\users\mitlab\desktop\infinitam\build\itmlib\itmlib.dir\debug\itmlib.tlog\cl.read.1.tlog
c:\users\mitlab\desktop\infinitam\build\itmlib\itmlib.dir\debug\itmlib.tlog\cl.write.1.tlog
c:\users\mitlab\desktop\infinitam\build\itmlib\itmlib.dir\debug\itmlib.tlog\custombuild.command.1.tlog
c:\users\mitlab\desktop\infinitam\build\itmlib\itmlib.dir\debug\itmlib.tlog\custombuild.read.1.tlog
c:\users\mitlab\desktop\infinitam\build\itmlib\itmlib.dir\debug\itmlib.tlog\custombuild.write.1.tlog
c:\users\mitlab\desktop\infinitam\build\itmlib\itmlib.dir\debug\itmlib.tlog\lib-link.read.1.tlog
c:\users\mitlab\desktop\infinitam\build\itmlib\itmlib.dir\debug\itmlib.tlog\lib-link.write.1.tlog
c:\users\mitlab\desktop\infinitam\build\itmlib\itmlib.dir\debug\itmlib.tlog\lib.command.1.tlog
