c:\users\mitlab\desktop\infinitam\build\inputsource\inputsource.dir\debug\inputsource.pdb
c:\users\mitlab\desktop\infinitam\build\inputsource\inputsource.dir\debug\realsenseengine.obj
c:\users\mitlab\desktop\infinitam\build\inputsource\inputsource.dir\debug\realsense2engine.obj
c:\users\mitlab\desktop\infinitam\build\inputsource\inputsource.dir\debug\picoflexxengine.obj
c:\users\mitlab\desktop\infinitam\build\inputsource\inputsource.dir\debug\openniengine.obj
c:\users\mitlab\desktop\infinitam\build\inputsource\inputsource.dir\debug\libuvcengine.obj
c:\users\mitlab\desktop\infinitam\build\inputsource\inputsource.dir\debug\kinect2engine.obj
c:\users\mitlab\desktop\infinitam\build\inputsource\inputsource.dir\debug\imusourceengine.obj
c:\users\mitlab\desktop\infinitam\build\inputsource\inputsource.dir\debug\imagesourceengine.obj
c:\users\mitlab\desktop\infinitam\build\inputsource\inputsource.dir\debug\idleimagesourceengine.obj
c:\users\mitlab\desktop\infinitam\build\inputsource\inputsource.dir\debug\ffmpegwriter.obj
c:\users\mitlab\desktop\infinitam\build\inputsource\inputsource.dir\debug\ffmpegreader.obj
c:\users\mitlab\desktop\infinitam\build\inputsource\inputsource.dir\debug\compositeimagesourceengine.obj
c:\users\mitlab\desktop\infinitam\build\inputsource\debug\inputsource.lib
c:\users\mitlab\desktop\infinitam\build\inputsource\debug\inputsource.pdb
c:\users\mitlab\desktop\infinitam\build\inputsource\inputsource.dir\debug\inputsource.tlog\cl.command.1.tlog
c:\users\mitlab\desktop\infinitam\build\inputsource\inputsource.dir\debug\inputsource.tlog\cl.read.1.tlog
c:\users\mitlab\desktop\infinitam\build\inputsource\inputsource.dir\debug\inputsource.tlog\cl.write.1.tlog
c:\users\mitlab\desktop\infinitam\build\inputsource\inputsource.dir\debug\inputsource.tlog\lib-link.read.1.tlog
c:\users\mitlab\desktop\infinitam\build\inputsource\inputsource.dir\debug\inputsource.tlog\lib-link.write.1.tlog
c:\users\mitlab\desktop\infinitam\build\inputsource\inputsource.dir\debug\inputsource.tlog\lib.command.1.tlog
